<?xml version="1.0" encoding="UTF-8" ?>
<testsuites>
 <testsuite name="it.lucapaga.ledgero-apis.domain.model.Account" timestamp="2017-01-04T10:35:10" hostname="localhost" time="0.015" errors="0" tests="2" skipped="0" disabled="0" failures="0">
  <testcase classname="it.lucapaga.ledgero-apis.domain.model.Account" name="[101] Costruction / CHAI" time="0" />
  <testcase classname="it.lucapaga.ledgero-apis.domain.model.Account" name="[102] Actual Balance Calculator / CHAI" time="0.015" />
 </testsuite>
 <testsuite name="it.lucapaga.ledgero-apis.domain.model.Account" timestamp="2017-01-04T10:35:10" hostname="localhost" time="0" errors="0" tests="2" skipped="0" disabled="0" failures="0">
  <testcase classname="it.lucapaga.ledgero-apis.domain.model.Account" name="[001] Costruction" time="0" />
  <testcase classname="it.lucapaga.ledgero-apis.domain.model.Account" name="[002] Actual Balance Calculator" time="0" />
 </testsuite>
</testsuites>